Build started 03/06/2018 13.22.29.
     1>Project "D:\Dokumen\Tugas C++\SFML Sudoku\SFML Sudoku\SFML Sudoku.vcxproj" on node 2 (build target(s)).
     1>InitializeBuildStatus:
         Creating "Debug\SFML Sudoku.unsuccessfulbuild" because "AlwaysCreate" was specified.
       ClCompile:
         C:\Program Files (x86)\Microsoft Visual Studio 10.0\VC\bin\CL.exe /c /I"C:\Program Files (x86)\SFML-2.3.2\include" /ZI /nologo /W3 /WX- /Od /Oy- /D WIN32 /D _DEBUG /D _CONSOLE /D _UNICODE /D UNICODE /Gm /EHsc /RTC1 /MDd /GS /fp:precise /Zc:wchar_t /Zc:forScope /Fo"Debug\\" /Fd"Debug\vc100.pdb" /Gd /TP /analyze- /errorReport:prompt source.cpp
         source.cpp
       ManifestResourceCompile:
         All outputs are up-to-date.
       Link:
         C:\Program Files (x86)\Microsoft Visual Studio 10.0\VC\bin\link.exe /ERRORREPORT:PROMPT /OUT:"D:\Dokumen\Tugas C++\SFML Sudoku\Debug\SFML Sudoku.exe" /INCREMENTAL /NOLOGO /LIBPATH:"C:\Program Files (x86)\SFML-2.3.2\lib" "sfml-audio.lib" "sfml-network.lib" "sfml-graphics.lib" "sfml-system.lib" "sfml-window.lib" kernel32.lib user32.lib gdi32.lib winspool.lib comdlg32.lib advapi32.lib shell32.lib ole32.lib oleaut32.lib uuid.lib odbc32.lib odbccp32.lib kernel32.lib user32.lib gdi32.lib winspool.lib comdlg32.lib advapi32.lib shell32.lib ole32.lib oleaut32.lib uuid.lib odbc32.lib odbccp32.lib /MANIFEST /ManifestFile:"Debug\SFML Sudoku.exe.intermediate.manifest" /MANIFESTUAC:"level='asInvoker' uiAccess='false'" /DEBUG /PDB:"D:\Dokumen\Tugas C++\SFML Sudoku\Debug\SFML Sudoku.pdb" /SUBSYSTEM:CONSOLE /TLBID:1 /DYNAMICBASE /NXCOMPAT /IMPLIB:"D:\Dokumen\Tugas C++\SFML Sudoku\Debug\SFML Sudoku.lib" /MACHINE:X86 "Debug\SFML Sudoku.exe.embed.manifest.res"
         Debug\source.obj
       Manifest:
         C:\Program Files (x86)\Microsoft SDKs\Windows\v7.0A\bin\mt.exe /nologo /verbose /out:"Debug\SFML Sudoku.exe.embed.manifest" /manifest "Debug\SFML Sudoku.exe.intermediate.manifest"
         All outputs are up-to-date.
       LinkEmbedManifest:
         All outputs are up-to-date.
         SFML Sudoku.vcxproj -> D:\Dokumen\Tugas C++\SFML Sudoku\Debug\SFML Sudoku.exe
       FinalizeBuildStatus:
         Deleting file "Debug\SFML Sudoku.unsuccessfulbuild".
         Touching "Debug\SFML Sudoku.lastbuildstate".
     1>Done Building Project "D:\Dokumen\Tugas C++\SFML Sudoku\SFML Sudoku\SFML Sudoku.vcxproj" (build target(s)).

Build succeeded.

Time Elapsed 00:00:01.43
